<?xml version="1.0" encoding="UTF-8"?>
<!-- Generated by org.testng.reporters.JUnitXMLReporter -->
<testsuite ignored="0" hostname="LAPTOP-MJ36HM04" failures="0" tests="3" name="Default test" time="32.907" errors="0" timestamp="2023-05-16T11:30:53 IST">
  <testcase classname="Automation.OnlineShopping.test.SubmitOrderTest" name="submitOrder" time="5.03"/>
  <testcase classname="Automation.OnlineShopping.test.SubmitOrderTest" name="submitOrder" time="4.809"/>
  <testcase classname="Automation.OnlineShopping.test.SubmitOrderTest" name="orderHistory" time="6.574"/>
</testsuite> <!-- Default test -->
