<?xml version="1.0" encoding="UTF-8"?>
<!-- Generated by org.testng.reporters.JUnitXMLReporter -->
<testsuite ignored="0" hostname="LAPTOP-MJ36HM04" failures="0" tests="3" name="Error Validation Test" time="35.626" errors="0" timestamp="19 May 2023 06:30:33 GMT">
  <testcase classname="Automation.OnlineShopping.test.ErrorValidationTest" name="LoginErrorMessageValidation" time="0.928"/>
  <testcase classname="Automation.OnlineShopping.test.ErrorValidationTest" name="LoginErrorMessageValidation" time="0.923"/>
  <testcase classname="Automation.OnlineShopping.test.ErrorValidationTest" name="productErrorValidation" time="5.592"/>
</testsuite> <!-- Error Validation Test -->
