<?xml version="1.0" encoding="UTF-8"?>
<!-- Generated by org.testng.reporters.JUnitXMLReporter -->
<testsuite ignored="0" hostname="LAPTOP-MJ36HM04" failures="0" tests="3" name="Submit Order Test" time="45.098" errors="0" timestamp="19 May 2023 06:29:57 GMT">
  <testcase classname="Automation.OnlineShopping.test.SubmitOrderTest" name="submitOrder" time="6.68"/>
  <testcase classname="Automation.OnlineShopping.test.SubmitOrderTest" name="submitOrder" time="5.702"/>
  <testcase classname="Automation.OnlineShopping.test.SubmitOrderTest" name="orderHistory" time="1.042"/>
</testsuite> <!-- Submit Order Test -->
