<?xml version="1.0" encoding="UTF-8"?>
<!-- Generated by org.testng.reporters.JUnitXMLReporter -->
<testsuite ignored="0" hostname="LAPTOP-MJ36HM04" failures="0" tests="3" name="Test" time="70.522" errors="0" timestamp="2023-05-16T06:46:37 IST">
  <testcase classname="Automation.OnlineShopping.test.ErrorValidation" name="LoginErrorMessageValidation" time="0.683"/>
  <testcase classname="Automation.OnlineShopping.test.ErrorValidation" name="LoginErrorMessageValidation" time="0.624"/>
  <testcase classname="Automation.OnlineShopping.test.SubmitOrder" name="submitOrder" time="7.013"/>
</testsuite> <!-- Test -->
