<?xml version="1.0" encoding="UTF-8"?>
<testng-results ignored="0" total="6" passed="6" failed="0" skipped="0">
  <reporter-output>
  </reporter-output>
  <suite started-at="2023-05-19T06:29:12Z" name="Suite" finished-at="2023-05-19T06:30:33Z" duration-ms="81263">
    <groups>
      <group name="Purchase">
        <method signature="SubmitOrderTest.submitOrder(java.util.HashMap)[pri:0, instance:Automation.OnlineShopping.test.SubmitOrderTest@54227100]" name="submitOrder" class="Automation.OnlineShopping.test.SubmitOrderTest"/>
      </group> <!-- Purchase -->
      <group name="ErrorHandling">
        <method signature="ErrorValidationTest.LoginErrorMessageValidation(java.lang.String, java.lang.String)[pri:0, instance:Automation.OnlineShopping.test.ErrorValidationTest@470a696f]" name="LoginErrorMessageValidation" class="Automation.OnlineShopping.test.ErrorValidationTest"/>
      </group> <!-- ErrorHandling -->
    </groups>
    <test started-at="2023-05-19T06:29:12Z" name="Submit Order Test" finished-at="2023-05-19T06:29:57Z" duration-ms="45098">
      <class name="Automation.OnlineShopping.test.SubmitOrderTest">
        <test-method is-config="true" signature="launchApplication()[pri:0, instance:Automation.OnlineShopping.test.SubmitOrderTest@54227100]" started-at="2023-05-19T06:29:12Z" name="launchApplication" finished-at="2023-05-19T06:29:22Z" duration-ms="9847" status="PASS">
          <reporter-output>
          </reporter-output>
        </test-method> <!-- launchApplication -->
        <test-method signature="submitOrder(java.util.HashMap)[pri:0, instance:Automation.OnlineShopping.test.SubmitOrderTest@54227100]" started-at="2023-05-19T06:29:22Z" name="submitOrder" data-provider="getData" finished-at="2023-05-19T06:29:29Z" duration-ms="6680" status="PASS">
          <params>
            <param index="0">
              <value>
                <![CDATA[{password=Welcome@123, email=javed123@gmail.com, productName=ZARA COAT 3}]]>
              </value>
            </param>
          </params>
          <reporter-output>
          </reporter-output>
        </test-method> <!-- submitOrder -->
        <test-method is-config="true" signature="tearDown()[pri:0, instance:Automation.OnlineShopping.test.SubmitOrderTest@54227100]" started-at="2023-05-19T06:29:29Z" name="tearDown" finished-at="2023-05-19T06:29:30Z" duration-ms="1382" status="PASS">
          <reporter-output>
          </reporter-output>
        </test-method> <!-- tearDown -->
        <test-method is-config="true" signature="launchApplication()[pri:0, instance:Automation.OnlineShopping.test.SubmitOrderTest@54227100]" started-at="2023-05-19T06:29:30Z" name="launchApplication" finished-at="2023-05-19T06:29:39Z" duration-ms="8966" status="PASS">
          <reporter-output>
          </reporter-output>
        </test-method> <!-- launchApplication -->
        <test-method signature="submitOrder(java.util.HashMap)[pri:0, instance:Automation.OnlineShopping.test.SubmitOrderTest@54227100]" started-at="2023-05-19T06:29:39Z" name="submitOrder" data-provider="getData" finished-at="2023-05-19T06:29:45Z" duration-ms="5702" status="PASS">
          <params>
            <param index="0">
              <value>
                <![CDATA[{password=Welcome@786, email=javed786@gmail.com, productName=IPHONE 13 PRO}]]>
              </value>
            </param>
          </params>
          <reporter-output>
          </reporter-output>
        </test-method> <!-- submitOrder -->
        <test-method is-config="true" signature="tearDown()[pri:0, instance:Automation.OnlineShopping.test.SubmitOrderTest@54227100]" started-at="2023-05-19T06:29:45Z" name="tearDown" finished-at="2023-05-19T06:29:46Z" duration-ms="1355" status="PASS">
          <reporter-output>
          </reporter-output>
        </test-method> <!-- tearDown -->
        <test-method is-config="true" signature="launchApplication()[pri:0, instance:Automation.OnlineShopping.test.SubmitOrderTest@54227100]" started-at="2023-05-19T06:29:46Z" name="launchApplication" finished-at="2023-05-19T06:29:55Z" duration-ms="8557" status="PASS">
          <reporter-output>
          </reporter-output>
        </test-method> <!-- launchApplication -->
        <test-method signature="orderHistory()[pri:0, instance:Automation.OnlineShopping.test.SubmitOrderTest@54227100]" started-at="2023-05-19T06:29:55Z" name="orderHistory" finished-at="2023-05-19T06:29:56Z" depends-on-methods="Automation.OnlineShopping.test.SubmitOrderTest.submitOrder" duration-ms="1042" status="PASS">
          <reporter-output>
          </reporter-output>
        </test-method> <!-- orderHistory -->
        <test-method is-config="true" signature="tearDown()[pri:0, instance:Automation.OnlineShopping.test.SubmitOrderTest@54227100]" started-at="2023-05-19T06:29:56Z" name="tearDown" finished-at="2023-05-19T06:29:57Z" duration-ms="1171" status="PASS">
          <reporter-output>
          </reporter-output>
        </test-method> <!-- tearDown -->
      </class> <!-- Automation.OnlineShopping.test.SubmitOrderTest -->
    </test> <!-- Submit Order Test -->
    <test started-at="2023-05-19T06:29:57Z" name="Error Validation Test" finished-at="2023-05-19T06:30:33Z" duration-ms="35626">
      <class name="Automation.OnlineShopping.test.ErrorValidationTest">
        <test-method is-config="true" signature="launchApplication()[pri:0, instance:Automation.OnlineShopping.test.ErrorValidationTest@470a696f]" started-at="2023-05-19T06:29:57Z" name="launchApplication" finished-at="2023-05-19T06:30:05Z" duration-ms="7902" status="PASS">
          <reporter-output>
          </reporter-output>
        </test-method> <!-- launchApplication -->
        <test-method signature="LoginErrorMessageValidation(java.lang.String, java.lang.String)[pri:0, instance:Automation.OnlineShopping.test.ErrorValidationTest@470a696f]" started-at="2023-05-19T06:30:05Z" name="LoginErrorMessageValidation" data-provider="getData" finished-at="2023-05-19T06:30:06Z" duration-ms="928" status="PASS">
          <params>
            <param index="0">
              <value>
                <![CDATA[Sandeep.patil@gmail.com]]>
              </value>
            </param>
            <param index="1">
              <value>
                <![CDATA[9754879954]]>
              </value>
            </param>
          </params>
          <reporter-output>
          </reporter-output>
        </test-method> <!-- LoginErrorMessageValidation -->
        <test-method is-config="true" signature="tearDown()[pri:0, instance:Automation.OnlineShopping.test.ErrorValidationTest@470a696f]" started-at="2023-05-19T06:30:06Z" name="tearDown" finished-at="2023-05-19T06:30:07Z" duration-ms="1101" status="PASS">
          <reporter-output>
          </reporter-output>
        </test-method> <!-- tearDown -->
        <test-method is-config="true" signature="launchApplication()[pri:0, instance:Automation.OnlineShopping.test.ErrorValidationTest@470a696f]" started-at="2023-05-19T06:30:07Z" name="launchApplication" finished-at="2023-05-19T06:30:15Z" duration-ms="7796" status="PASS">
          <reporter-output>
          </reporter-output>
        </test-method> <!-- launchApplication -->
        <test-method signature="LoginErrorMessageValidation(java.lang.String, java.lang.String)[pri:0, instance:Automation.OnlineShopping.test.ErrorValidationTest@470a696f]" started-at="2023-05-19T06:30:15Z" name="LoginErrorMessageValidation" data-provider="getData" finished-at="2023-05-19T06:30:16Z" duration-ms="923" status="PASS">
          <params>
            <param index="0">
              <value>
                <![CDATA[javedlamture@yahoo.com]]>
              </value>
            </param>
            <param index="1">
              <value>
                <![CDATA[67890]]>
              </value>
            </param>
          </params>
          <reporter-output>
          </reporter-output>
        </test-method> <!-- LoginErrorMessageValidation -->
        <test-method is-config="true" signature="tearDown()[pri:0, instance:Automation.OnlineShopping.test.ErrorValidationTest@470a696f]" started-at="2023-05-19T06:30:16Z" name="tearDown" finished-at="2023-05-19T06:30:18Z" duration-ms="1959" status="PASS">
          <reporter-output>
          </reporter-output>
        </test-method> <!-- tearDown -->
        <test-method is-config="true" signature="launchApplication()[pri:0, instance:Automation.OnlineShopping.test.ErrorValidationTest@470a696f]" started-at="2023-05-19T06:30:18Z" name="launchApplication" finished-at="2023-05-19T06:30:26Z" duration-ms="8268" status="PASS">
          <reporter-output>
          </reporter-output>
        </test-method> <!-- launchApplication -->
        <test-method signature="productErrorValidation()[pri:0, instance:Automation.OnlineShopping.test.ErrorValidationTest@470a696f]" started-at="2023-05-19T06:30:26Z" name="productErrorValidation" finished-at="2023-05-19T06:30:32Z" duration-ms="5592" status="PASS">
          <reporter-output>
          </reporter-output>
        </test-method> <!-- productErrorValidation -->
        <test-method is-config="true" signature="tearDown()[pri:0, instance:Automation.OnlineShopping.test.ErrorValidationTest@470a696f]" started-at="2023-05-19T06:30:32Z" name="tearDown" finished-at="2023-05-19T06:30:33Z" duration-ms="1135" status="PASS">
          <reporter-output>
          </reporter-output>
        </test-method> <!-- tearDown -->
      </class> <!-- Automation.OnlineShopping.test.ErrorValidationTest -->
    </test> <!-- Error Validation Test -->
  </suite> <!-- Suite -->
</testng-results>
